<?xml version="1.0" encoding="UTF-8"?>
<!-- Generated by org.testng.reporters.JUnitXMLReporter -->
<testsuite ignored="2" hostname="DESKTOP-4DN72H1" failures="0" tests="0" time="0.033" errors="0" timestamp="2022-09-13T17:35:51 IST">
  <testcase classname="Automation.SubmitOrderTest" name="SubmitOrder" time="0.0">
    <ignored/>
  </testcase> <!-- SubmitOrder -->
  <testcase classname="Automation.SubmitOrderTest" name="OrderHistory" time="0.0">
    <ignored/>
  </testcase> <!-- OrderHistory -->
</testsuite>
