<?xml version="1.0" encoding="UTF-8"?>
<testng-results ignored="0" total="5" passed="5" failed="0" skipped="0">
  <reporter-output>
  </reporter-output>
  <suite started-at="2022-09-19T19:27:18 IST" name="Suite" finished-at="2022-09-19T19:28:39 IST" duration-ms="81117">
    <groups>
      <group name="ErrorHandling">
        <method signature="ErrorValidationTest.LogInErrorValidation()[pri:0, instance:Automation.ErrorValidationTest@388526fb]" name="LogInErrorValidation" class="Automation.ErrorValidationTest"/>
      </group> <!-- ErrorHandling -->
      <group name="Purchase">
        <method signature="SubmitOrderTest.SubmitOrder(java.util.HashMap)[pri:0, instance:Automation.SubmitOrderTest@76a2ddf3]" name="SubmitOrder" class="Automation.SubmitOrderTest"/>
      </group> <!-- Purchase -->
    </groups>
    <test started-at="2022-09-19T19:27:18 IST" name="Submit Order Test" finished-at="2022-09-19T19:28:03 IST" duration-ms="45146">
      <class name="Automation.SubmitOrderTest">
        <test-method is-config="true" signature="launchApplication()[pri:0, instance:Automation.SubmitOrderTest@76a2ddf3]" started-at="2022-09-19T19:27:19 IST" name="launchApplication" finished-at="2022-09-19T19:27:26 IST" duration-ms="7545" status="PASS">
          <reporter-output>
          </reporter-output>
        </test-method> <!-- launchApplication -->
        <test-method signature="SubmitOrder(java.util.HashMap)[pri:0, instance:Automation.SubmitOrderTest@76a2ddf3]" started-at="2022-09-19T19:27:26 IST" name="SubmitOrder" data-provider="getData" finished-at="2022-09-19T19:27:30 IST" duration-ms="3986" status="PASS">
          <params>
            <param index="0">
              <value>
                <![CDATA[{password=Grimreaper1@, product=ZARA COAT 3, email=shivam1@gmail.com}]]>
              </value>
            </param>
          </params>
          <reporter-output>
          </reporter-output>
        </test-method> <!-- SubmitOrder -->
        <test-method is-config="true" signature="tearDown()[pri:0, instance:Automation.SubmitOrderTest@76a2ddf3]" started-at="2022-09-19T19:27:30 IST" name="tearDown" finished-at="2022-09-19T19:27:30 IST" duration-ms="148" status="PASS">
          <reporter-output>
          </reporter-output>
        </test-method> <!-- tearDown -->
        <test-method is-config="true" signature="launchApplication()[pri:0, instance:Automation.SubmitOrderTest@76a2ddf3]" started-at="2022-09-19T19:27:30 IST" name="launchApplication" finished-at="2022-09-19T19:27:33 IST" duration-ms="2565" status="PASS">
          <reporter-output>
          </reporter-output>
        </test-method> <!-- launchApplication -->
        <test-method signature="SubmitOrder(java.util.HashMap)[pri:0, instance:Automation.SubmitOrderTest@76a2ddf3]" started-at="2022-09-19T19:27:33 IST" name="SubmitOrder" data-provider="getData" finished-at="2022-09-19T19:27:58 IST" duration-ms="25312" status="PASS">
          <params>
            <param index="0">
              <value>
                <![CDATA[{password=Grimreaper1@, product=ADIDAS ORIGINAL, email=shivam1@gmail.com}]]>
              </value>
            </param>
          </params>
          <reporter-output>
          </reporter-output>
        </test-method> <!-- SubmitOrder -->
        <test-method is-config="true" signature="tearDown()[pri:0, instance:Automation.SubmitOrderTest@76a2ddf3]" started-at="2022-09-19T19:27:58 IST" name="tearDown" finished-at="2022-09-19T19:27:59 IST" duration-ms="151" status="PASS">
          <reporter-output>
          </reporter-output>
        </test-method> <!-- tearDown -->
        <test-method is-config="true" signature="launchApplication()[pri:0, instance:Automation.SubmitOrderTest@76a2ddf3]" started-at="2022-09-19T19:27:59 IST" name="launchApplication" finished-at="2022-09-19T19:28:02 IST" duration-ms="3526" status="PASS">
          <reporter-output>
          </reporter-output>
        </test-method> <!-- launchApplication -->
        <test-method signature="OrderHistory()[pri:0, instance:Automation.SubmitOrderTest@76a2ddf3]" started-at="2022-09-19T19:28:02 IST" name="OrderHistory" finished-at="2022-09-19T19:28:03 IST" depends-on-methods="Automation.SubmitOrderTest.SubmitOrder" duration-ms="1165" status="PASS">
          <reporter-output>
          </reporter-output>
        </test-method> <!-- OrderHistory -->
        <test-method is-config="true" signature="tearDown()[pri:0, instance:Automation.SubmitOrderTest@76a2ddf3]" started-at="2022-09-19T19:28:03 IST" name="tearDown" finished-at="2022-09-19T19:28:03 IST" duration-ms="170" status="PASS">
          <reporter-output>
          </reporter-output>
        </test-method> <!-- tearDown -->
      </class> <!-- Automation.SubmitOrderTest -->
    </test> <!-- Submit Order Test -->
    <test started-at="2022-09-19T19:28:04 IST" name="Error Validations Test" finished-at="2022-09-19T19:28:39 IST" duration-ms="35130">
      <class name="Automation.ErrorValidationTest">
        <test-method is-config="true" signature="launchApplication()[pri:0, instance:Automation.ErrorValidationTest@388526fb]" started-at="2022-09-19T19:28:04 IST" name="launchApplication" finished-at="2022-09-19T19:28:09 IST" duration-ms="4561" status="PASS">
          <reporter-output>
          </reporter-output>
        </test-method> <!-- launchApplication -->
        <test-method signature="LogInErrorValidation()[pri:0, instance:Automation.ErrorValidationTest@388526fb]" started-at="2022-09-19T19:28:09 IST" name="LogInErrorValidation" finished-at="2022-09-19T19:28:10 IST" duration-ms="834" status="PASS">
          <reporter-output>
          </reporter-output>
        </test-method> <!-- LogInErrorValidation -->
        <test-method is-config="true" signature="tearDown()[pri:0, instance:Automation.ErrorValidationTest@388526fb]" started-at="2022-09-19T19:28:10 IST" name="tearDown" finished-at="2022-09-19T19:28:10 IST" duration-ms="193" status="PASS">
          <reporter-output>
          </reporter-output>
        </test-method> <!-- tearDown -->
        <test-method is-config="true" signature="launchApplication()[pri:0, instance:Automation.ErrorValidationTest@388526fb]" started-at="2022-09-19T19:28:10 IST" name="launchApplication" finished-at="2022-09-19T19:28:15 IST" duration-ms="5274" status="PASS">
          <reporter-output>
          </reporter-output>
        </test-method> <!-- launchApplication -->
        <test-method signature="ProductErrorValidation()[pri:0, instance:Automation.ErrorValidationTest@388526fb]" started-at="2022-09-19T19:28:15 IST" name="ProductErrorValidation" finished-at="2022-09-19T19:28:39 IST" duration-ms="24135" status="PASS">
          <reporter-output>
          </reporter-output>
        </test-method> <!-- ProductErrorValidation -->
        <test-method is-config="true" signature="tearDown()[pri:0, instance:Automation.ErrorValidationTest@388526fb]" started-at="2022-09-19T19:28:39 IST" name="tearDown" finished-at="2022-09-19T19:28:39 IST" duration-ms="119" status="PASS">
          <reporter-output>
          </reporter-output>
        </test-method> <!-- tearDown -->
      </class> <!-- Automation.ErrorValidationTest -->
    </test> <!-- Error Validations Test -->
  </suite> <!-- Suite -->
</testng-results>
